0 info it worked if it ends with ok
1 verbose cli [ '/usr/bin/nodejs', '/usr/bin/npm', 'run', 'watch' ]
2 info using npm@3.10.9
3 info using node@v6.9.2
4 verbose run-script [ 'prewatch', 'watch', 'postwatch' ]
5 info lifecycle webofhateserver@1.0.0~prewatch: webofhateserver@1.0.0
6 silly lifecycle webofhateserver@1.0.0~prewatch: no script for prewatch, continuing
7 info lifecycle webofhateserver@1.0.0~watch: webofhateserver@1.0.0
8 verbose lifecycle webofhateserver@1.0.0~watch: unsafe-perm in lifecycle true
9 verbose lifecycle webofhateserver@1.0.0~watch: PATH: /usr/lib/node_modules/npm/bin/node-gyp-bin:/home/cazamba/Documents/web-ofhate/node_modules/.bin:/home/cazamba/bin:/home/cazamba/.local/bin:/usr/local/sbin:/usr/local/bin:/usr/sbin:/usr/bin:/sbin:/bin:/usr/games:/usr/local/games:/snap/bin
10 verbose lifecycle webofhateserver@1.0.0~watch: CWD: /home/cazamba/Documents/web-ofhate
11 silly lifecycle webofhateserver@1.0.0~watch: Args: [ '-c', 'NODE_ENV=dev nodemon server.js' ]
12 silly lifecycle webofhateserver@1.0.0~watch: Returned: code: 137  signal: null
13 info lifecycle webofhateserver@1.0.0~watch: Failed to exec watch script
14 verbose stack Error: webofhateserver@1.0.0 watch: `NODE_ENV=dev nodemon server.js`
14 verbose stack Exit status 137
14 verbose stack     at EventEmitter.<anonymous> (/usr/lib/node_modules/npm/lib/utils/lifecycle.js:255:16)
14 verbose stack     at emitTwo (events.js:106:13)
14 verbose stack     at EventEmitter.emit (events.js:191:7)
14 verbose stack     at ChildProcess.<anonymous> (/usr/lib/node_modules/npm/lib/utils/spawn.js:40:14)
14 verbose stack     at emitTwo (events.js:106:13)
14 verbose stack     at ChildProcess.emit (events.js:191:7)
14 verbose stack     at maybeClose (internal/child_process.js:877:16)
14 verbose stack     at Process.ChildProcess._handle.onexit (internal/child_process.js:226:5)
15 verbose pkgid webofhateserver@1.0.0
16 verbose cwd /home/cazamba/Documents/web-ofhate
17 error Linux 4.4.0-66-generic
18 error argv "/usr/bin/nodejs" "/usr/bin/npm" "run" "watch"
19 error node v6.9.2
20 error npm  v3.10.9
21 error code ELIFECYCLE
22 error webofhateserver@1.0.0 watch: `NODE_ENV=dev nodemon server.js`
22 error Exit status 137
23 error Failed at the webofhateserver@1.0.0 watch script 'NODE_ENV=dev nodemon server.js'.
23 error Make sure you have the latest version of node.js and npm installed.
23 error If you do, this is most likely a problem with the webofhateserver package,
23 error not with npm itself.
23 error Tell the author that this fails on your system:
23 error     NODE_ENV=dev nodemon server.js
23 error You can get information on how to open an issue for this project with:
23 error     npm bugs webofhateserver
23 error Or if that isn't available, you can get their info via:
23 error     npm owner ls webofhateserver
23 error There is likely additional logging output above.
24 verbose exit [ 1, true ]
